<?xml version="1.0" encoding="UTF-8" ?>
<testsuite tests="137" failures="0" name="cofre.Cucumber01Test" time="0.398" errors="0" skipped="137">
  <properties>
    <property name="java.runtime.name" value="OpenJDK Runtime Environment"/>
    <property name="sun.boot.library.path" value="/usr/lib/jvm/java-8-openjdk-amd64/jre/lib/amd64"/>
    <property name="java.vm.version" value="25.191-b12"/>
    <property name="user.country.format" value="BR"/>
    <property name="java.vm.vendor" value="Oracle Corporation"/>
    <property name="java.vendor.url" value="http://java.oracle.com/"/>
    <property name="path.separator" value=":"/>
    <property name="guice.disable.misplaced.annotation.check" value="true"/>
    <property name="java.vm.name" value="OpenJDK 64-Bit Server VM"/>
    <property name="file.encoding.pkg" value="sun.io"/>
    <property name="user.country" value="US"/>
    <property name="sun.java.launcher" value="SUN_STANDARD"/>
    <property name="sun.os.patch.level" value="unknown"/>
    <property name="java.vm.specification.name" value="Java Virtual Machine Specification"/>
    <property name="user.dir" value="/home/coelho/git/utfpr/tats/CofreExemplo"/>
    <property name="java.runtime.version" value="1.8.0_191-8u191-b12-0ubuntu0.18.04.1-b12"/>
    <property name="java.awt.graphicsenv" value="sun.awt.X11GraphicsEnvironment"/>
    <property name="java.endorsed.dirs" value="/usr/lib/jvm/java-8-openjdk-amd64/jre/lib/endorsed"/>
    <property name="os.arch" value="amd64"/>
    <property name="java.io.tmpdir" value="/tmp"/>
    <property name="line.separator" value="
"/>
    <property name="java.vm.specification.vendor" value="Oracle Corporation"/>
    <property name="os.name" value="Linux"/>
    <property name="maven.ext.class.path" value="/home/coelho/netbeans-8.2/java/maven-nblib/netbeans-eventspy.jar"/>
    <property name="classworlds.conf" value="/home/coelho/netbeans-8.2/java/maven/bin/m2.conf"/>
    <property name="sun.jnu.encoding" value="UTF-8"/>
    <property name="java.library.path" value="/usr/lib/jvm/java-8-openjdk-amd64/jre/lib/amd64:/usr/lib/jvm/java-8-openjdk-amd64/jre/lib/i386::/usr/java/packages/lib/amd64:/usr/lib/x86_64-linux-gnu/jni:/lib/x86_64-linux-gnu:/usr/lib/x86_64-linux-gnu:/usr/lib/jni:/lib:/usr/lib"/>
    <property name="java.specification.name" value="Java Platform API Specification"/>
    <property name="java.class.version" value="52.0"/>
    <property name="sun.management.compiler" value="HotSpot 64-Bit Tiered Compilers"/>
    <property name="os.version" value="4.15.0-42-generic"/>
    <property name="user.home" value="/home/coelho"/>
    <property name="user.timezone" value="America/Sao_Paulo"/>
    <property name="java.awt.printerjob" value="sun.print.PSPrinterJob"/>
    <property name="java.specification.version" value="1.8"/>
    <property name="file.encoding" value="UTF-8"/>
    <property name="user.name" value="coelho"/>
    <property name="java.class.path" value="/home/coelho/netbeans-8.2/java/maven/boot/plexus-classworlds-2.4.jar"/>
    <property name="java.vm.specification.version" value="1.8"/>
    <property name="sun.arch.data.model" value="64"/>
    <property name="java.home" value="/usr/lib/jvm/java-8-openjdk-amd64/jre"/>
    <property name="sun.java.command" value="org.codehaus.plexus.classworlds.launcher.Launcher -Dmaven.ext.class.path=/home/coelho/netbeans-8.2/java/maven-nblib/netbeans-eventspy.jar clean install"/>
    <property name="java.specification.vendor" value="Oracle Corporation"/>
    <property name="user.language" value="en"/>
    <property name="user.language.format" value="pt"/>
    <property name="awt.toolkit" value="sun.awt.X11.XToolkit"/>
    <property name="java.vm.info" value="mixed mode"/>
    <property name="java.version" value="1.8.0_191"/>
    <property name="java.ext.dirs" value="/usr/lib/jvm/java-8-openjdk-amd64/jre/lib/ext:/usr/java/packages/lib/ext"/>
    <property name="securerandom.source" value="file:/dev/./urandom"/>
    <property name="sun.boot.class.path" value="/usr/lib/jvm/java-8-openjdk-amd64/jre/lib/resources.jar:/usr/lib/jvm/java-8-openjdk-amd64/jre/lib/rt.jar:/usr/lib/jvm/java-8-openjdk-amd64/jre/lib/sunrsasign.jar:/usr/lib/jvm/java-8-openjdk-amd64/jre/lib/jsse.jar:/usr/lib/jvm/java-8-openjdk-amd64/jre/lib/jce.jar:/usr/lib/jvm/java-8-openjdk-amd64/jre/lib/charsets.jar:/usr/lib/jvm/java-8-openjdk-amd64/jre/lib/jfr.jar:/usr/lib/jvm/java-8-openjdk-amd64/jre/classes"/>
    <property name="java.vendor" value="Oracle Corporation"/>
    <property name="maven.home" value="/home/coelho/netbeans-8.2/java/maven"/>
    <property name="file.separator" value="/"/>
    <property name="java.vendor.url.bug" value="http://bugreport.sun.com/bugreport/"/>
    <property name="sun.cpu.endian" value="little"/>
    <property name="sun.io.unicode.encoding" value="UnicodeLittle"/>
    <property name="sun.desktop" value="gnome"/>
    <property name="sun.cpu.isalist" value=""/>
  </properties>
  <testcase classname="Valida\u00E7\u00E3o de testes do cofre" name="Digitar \&quot;123456\&quot; testando inicializa\u00E7\u00E3o" time="0.009">
    <skipped/>
  </testcase>
  <testcase classname="Valida\u00E7\u00E3o de testes do cofre" name="Digitar \&quot;123456\&quot; testando inicializa\u00E7\u00E3o" time="0.009">
    <skipped/>
  </testcase>
  <testcase classname="Valida\u00E7\u00E3o de testes do cofre" name="Digitar \&quot;123456\&quot; testando inicializa\u00E7\u00E3o" time="0.009">
    <skipped/>
  </testcase>
  <testcase classname="Valida\u00E7\u00E3o de testes do cofre" name="Digitar \&quot;123456\&quot; testando inicializa\u00E7\u00E3o" time="0.009">
    <skipped/>
  </testcase>
  <testcase classname="Valida\u00E7\u00E3o de testes do cofre" name="Digitar \&quot;123456\&quot; testando inicializa\u00E7\u00E3o" time="0.01">
    <skipped/>
  </testcase>
  <testcase classname="Valida\u00E7\u00E3o de testes do cofre" name="Digitar \&quot;123456\&quot; testando inicializa\u00E7\u00E3o" time="0.01">
    <skipped/>
  </testcase>
  <testcase classname="Valida\u00E7\u00E3o de testes do cofre" name="Digitar \&quot;123456\&quot; testando inicializa\u00E7\u00E3o" time="0.01">
    <skipped/>
  </testcase>
  <testcase classname="Valida\u00E7\u00E3o de testes do cofre" name="Digitar \&quot;123456\&quot; testando inicializa\u00E7\u00E3o" time="0.01">
    <skipped/>
  </testcase>
  <testcase classname="Valida\u00E7\u00E3o de testes do cofre" name="Limpar display do cofre" time="0.002">
    <skipped/>
  </testcase>
  <testcase classname="Valida\u00E7\u00E3o de testes do cofre" name="Limpar display do cofre" time="0.002">
    <skipped/>
  </testcase>
  <testcase classname="Valida\u00E7\u00E3o de testes do cofre" name="Limpar display do cofre" time="0.002">
    <skipped/>
  </testcase>
  <testcase classname="Valida\u00E7\u00E3o de testes do cofre" name="Digitar qualquer valor e o cofre n\u00E3o est\u00E1 fechado" time="0.003">
    <skipped/>
  </testcase>
  <testcase classname="Valida\u00E7\u00E3o de testes do cofre" name="Digitar qualquer valor e o cofre n\u00E3o est\u00E1 fechado" time="0.003">
    <skipped/>
  </testcase>
  <testcase classname="Valida\u00E7\u00E3o de testes do cofre" name="Digitar qualquer valor e o cofre n\u00E3o est\u00E1 fechado" time="0.003">
    <skipped/>
  </testcase>
  <testcase classname="Valida\u00E7\u00E3o de testes do cofre" name="Digitar qualquer valor e o cofre n\u00E3o est\u00E1 fechado" time="0.004">
    <skipped/>
  </testcase>
  <testcase classname="Valida\u00E7\u00E3o de testes do cofre" name="Digitar qualquer valor e o cofre n\u00E3o est\u00E1 fechado" time="0.002">
    <skipped/>
  </testcase>
  <testcase classname="Valida\u00E7\u00E3o de testes do cofre" name="Digitar qualquer valor e o cofre n\u00E3o est\u00E1 fechado" time="0.003">
    <skipped/>
  </testcase>
  <testcase classname="Valida\u00E7\u00E3o de testes do cofre" name="Digitar qualquer valor e o cofre n\u00E3o est\u00E1 fechado" time="0.003">
    <skipped/>
  </testcase>
  <testcase classname="Valida\u00E7\u00E3o de testes do cofre" name="Digitar qualquer valor e o cofre n\u00E3o est\u00E1 fechado" time="0.003">
    <skipped/>
  </testcase>
  <testcase classname="Valida\u00E7\u00E3o de testes do cofre" name="Digitar numero com porta fechada" time="0.002">
    <skipped/>
  </testcase>
  <testcase classname="Valida\u00E7\u00E3o de testes do cofre" name="Digitar numero com porta fechada" time="0.002">
    <skipped/>
  </testcase>
  <testcase classname="Valida\u00E7\u00E3o de testes do cofre" name="Digitar numero com porta fechada" time="0.002">
    <skipped/>
  </testcase>
  <testcase classname="Valida\u00E7\u00E3o de testes do cofre" name="Digitar numero com porta fechada" time="0.002">
    <skipped/>
  </testcase>
  <testcase classname="Valida\u00E7\u00E3o de testes do cofre" name="Digitar numero com porta fechada" time="0.002">
    <skipped/>
  </testcase>
  <testcase classname="Valida\u00E7\u00E3o de testes do cofre" name="Digitar numero com porta fechada" time="0.002">
    <skipped/>
  </testcase>
  <testcase classname="Valida\u00E7\u00E3o de testes do cofre" name="Digitar numero com porta fechada" time="0.002">
    <skipped/>
  </testcase>
  <testcase classname="Valida\u00E7\u00E3o de testes do cofre" name="Digitar numero com porta fechada" time="0.002">
    <skipped/>
  </testcase>
  <testcase classname="Valida\u00E7\u00E3o de testes do cofre" name="Salvar senha v\u00E1lida com porta fechada e destravada" time="0.007">
    <skipped/>
  </testcase>
  <testcase classname="Valida\u00E7\u00E3o de testes do cofre" name="Salvar senha v\u00E1lida com porta fechada e destravada" time="0.007">
    <skipped/>
  </testcase>
  <testcase classname="Valida\u00E7\u00E3o de testes do cofre" name="Salvar senha v\u00E1lida com porta fechada e destravada" time="0.007">
    <skipped/>
  </testcase>
  <testcase classname="Valida\u00E7\u00E3o de testes do cofre" name="Salvar senha v\u00E1lida com porta fechada e destravada" time="0.007">
    <skipped/>
  </testcase>
  <testcase classname="Valida\u00E7\u00E3o de testes do cofre" name="Salvar senha v\u00E1lida com porta fechada e destravada" time="0.007">
    <skipped/>
  </testcase>
  <testcase classname="Valida\u00E7\u00E3o de testes do cofre" name="Salvar senha v\u00E1lida com porta fechada e destravada" time="0.007">
    <skipped/>
  </testcase>
  <testcase classname="Valida\u00E7\u00E3o de testes do cofre" name="Salvar senha v\u00E1lida com porta fechada e destravada" time="0.008">
    <skipped/>
  </testcase>
  <testcase classname="Valida\u00E7\u00E3o de testes do cofre" name="Salvar senha v\u00E1lida com porta fechada e destravada" time="0.008">
    <skipped/>
  </testcase>
  <testcase classname="Valida\u00E7\u00E3o de testes do cofre" name="Salvar senha v\u00E1lida com porta fechada e destravada" time="0.008">
    <skipped/>
  </testcase>
  <testcase classname="Valida\u00E7\u00E3o de testes do cofre" name="Salvar senha v\u00E1lida com porta fechada e destravada" time="0.008">
    <skipped/>
  </testcase>
  <testcase classname="Valida\u00E7\u00E3o de testes do cofre" name="Salvar senha v\u00E1lida com porta fechada e destravada" time="0.008">
    <skipped/>
  </testcase>
  <testcase classname="Valida\u00E7\u00E3o de testes do cofre" name="Salvar senha v\u00E1lida com porta fechada e destravada" time="0.008">
    <skipped/>
  </testcase>
  <testcase classname="Valida\u00E7\u00E3o de testes do cofre" name="Salvar senha v\u00E1lida com porta fechada e destravada" time="0.008">
    <skipped/>
  </testcase>
  <testcase classname="Valida\u00E7\u00E3o de testes do cofre" name="Salvar senha v\u00E1lida com porta fechada e destravada" time="0.008">
    <skipped/>
  </testcase>
  <testcase classname="Valida\u00E7\u00E3o de testes do cofre" name="Salvar senha v\u00E1lida com porta fechada e destravada" time="0.009">
    <skipped/>
  </testcase>
  <testcase classname="Valida\u00E7\u00E3o de testes do cofre" name="Salvar senha v\u00E1lida com porta fechada e destravada" time="0.009">
    <skipped/>
  </testcase>
  <testcase classname="Valida\u00E7\u00E3o de testes do cofre" name="Salvar senha v\u00E1lida com porta fechada e destravada" time="0.009">
    <skipped/>
  </testcase>
  <testcase classname="Valida\u00E7\u00E3o de testes do cofre" name="Salvar senha v\u00E1lida com porta fechada e destravada" time="0.009">
    <skipped/>
  </testcase>
  <testcase classname="Valida\u00E7\u00E3o de testes do cofre" name="Digitar numero com menos de 6 digitos no cofre" time="0.003">
    <skipped/>
  </testcase>
  <testcase classname="Valida\u00E7\u00E3o de testes do cofre" name="Digitar numero com menos de 6 digitos no cofre" time="0.003">
    <skipped/>
  </testcase>
  <testcase classname="Valida\u00E7\u00E3o de testes do cofre" name="Digitar numero com menos de 6 digitos no cofre" time="0.004">
    <skipped/>
  </testcase>
  <testcase classname="Valida\u00E7\u00E3o de testes do cofre" name="Digitar numero com menos de 6 digitos no cofre" time="0.004">
    <skipped/>
  </testcase>
  <testcase classname="Valida\u00E7\u00E3o de testes do cofre" name="Digitar numero com menos de 6 digitos no cofre" time="0.009">
    <skipped/>
  </testcase>
  <testcase classname="Valida\u00E7\u00E3o de testes do cofre" name="Digitar numero com menos de 6 digitos no cofre" time="0.009">
    <skipped/>
  </testcase>
  <testcase classname="Valida\u00E7\u00E3o de testes do cofre" name="Digitar numero porta fechada e depois abrir e digitar" time="0.003">
    <skipped/>
  </testcase>
  <testcase classname="Valida\u00E7\u00E3o de testes do cofre" name="Digitar numero porta fechada e depois abrir e digitar" time="0.003">
    <skipped/>
  </testcase>
  <testcase classname="Valida\u00E7\u00E3o de testes do cofre" name="Digitar numero porta fechada e depois abrir e digitar" time="0.003">
    <skipped/>
  </testcase>
  <testcase classname="Valida\u00E7\u00E3o de testes do cofre" name="Digitar numero porta fechada e depois abrir e digitar" time="0.003">
    <skipped/>
  </testcase>
  <testcase classname="Valida\u00E7\u00E3o de testes do cofre" name="Digitar numero porta fechada e depois abrir e digitar" time="0.003">
    <skipped/>
  </testcase>
  <testcase classname="Valida\u00E7\u00E3o de testes do cofre" name="Digitar numero porta fechada e depois abrir e digitar" time="0.003">
    <skipped/>
  </testcase>
  <testcase classname="Valida\u00E7\u00E3o de testes do cofre" name="Digitar numero porta fechada e depois abrir e digitar" time="0.003">
    <skipped/>
  </testcase>
  <testcase classname="Valida\u00E7\u00E3o de testes do cofre" name="Digitar numero porta fechada e depois abrir e digitar" time="0.003">
    <skipped/>
  </testcase>
  <testcase classname="Valida\u00E7\u00E3o de testes do cofre" name="Digitar numero porta fechada e depois abrir e digitar" time="0.003">
    <skipped/>
  </testcase>
  <testcase classname="Valida\u00E7\u00E3o de testes do cofre" name="Digitar numero porta fechada e depois abrir e digitar" time="0.004">
    <skipped/>
  </testcase>
  <testcase classname="Travado" name="inserir senha invalida" time="0.014">
    <skipped/>
  </testcase>
  <testcase classname="Travado" name="inserir senha invalida" time="0.015">
    <skipped/>
  </testcase>
  <testcase classname="Travado" name="inserir senha invalida" time="0.015">
    <skipped/>
  </testcase>
  <testcase classname="Travado" name="inserir senha invalida" time="0.015">
    <skipped/>
  </testcase>
  <testcase classname="Travado" name="inserir senha invalida" time="0.015">
    <skipped/>
  </testcase>
  <testcase classname="Travado" name="inserir senha invalida" time="0.016">
    <skipped/>
  </testcase>
  <testcase classname="Travado" name="inserir senha invalida" time="0.016">
    <skipped/>
  </testcase>
  <testcase classname="Travado" name="inserir senha invalida" time="0.016">
    <skipped/>
  </testcase>
  <testcase classname="Travado" name="inserir senha invalida" time="0.016">
    <skipped/>
  </testcase>
  <testcase classname="Travado" name="inserir senha invalida" time="0.016">
    <skipped/>
  </testcase>
  <testcase classname="Travado" name="inserir senha invalida" time="0.016">
    <skipped/>
  </testcase>
  <testcase classname="Travado" name="inserir senha com menos de 6 digitos" time="0.008">
    <skipped/>
  </testcase>
  <testcase classname="Travado" name="inserir senha com menos de 6 digitos" time="0.008">
    <skipped/>
  </testcase>
  <testcase classname="Travado" name="inserir senha com menos de 6 digitos" time="0.008">
    <skipped/>
  </testcase>
  <testcase classname="Travado" name="inserir senha com menos de 6 digitos" time="0.008">
    <skipped/>
  </testcase>
  <testcase classname="Travado" name="inserir senha com menos de 6 digitos" time="0.008">
    <skipped/>
  </testcase>
  <testcase classname="Travado" name="inserir senha com menos de 6 digitos" time="0.008">
    <skipped/>
  </testcase>
  <testcase classname="Travado" name="inserir senha com menos de 6 digitos" time="0.008">
    <skipped/>
  </testcase>
  <testcase classname="Travado" name="inserir senha com menos de 6 digitos" time="0.008">
    <skipped/>
  </testcase>
  <testcase classname="Travado" name="inserir senha com menos de 6 digitos" time="0.008">
    <skipped/>
  </testcase>
  <testcase classname="Travado" name="inserir senha com menos de 6 digitos" time="0.009">
    <skipped/>
  </testcase>
  <testcase classname="Travado" name="inserir senha correta" time="0.011">
    <skipped/>
  </testcase>
  <testcase classname="Travado" name="inserir senha correta" time="0.011">
    <skipped/>
  </testcase>
  <testcase classname="Travado" name="inserir senha correta" time="0.011">
    <skipped/>
  </testcase>
  <testcase classname="Travado" name="inserir senha correta" time="0.011">
    <skipped/>
  </testcase>
  <testcase classname="Travado" name="inserir senha correta" time="0.013">
    <skipped/>
  </testcase>
  <testcase classname="Travado" name="inserir senha correta" time="0.013">
    <skipped/>
  </testcase>
  <testcase classname="Travado" name="inserir senha correta" time="0.013">
    <skipped/>
  </testcase>
  <testcase classname="Travado" name="inserir senha correta" time="0.013">
    <skipped/>
  </testcase>
  <testcase classname="Travado" name="inserir senha correta" time="0.013">
    <skipped/>
  </testcase>
  <testcase classname="Travado" name="inserir senha correta" time="0.013">
    <skipped/>
  </testcase>
  <testcase classname="Travado" name="inserir senha correta" time="0.013">
    <skipped/>
  </testcase>
  <testcase classname="Travado" name="inserir senha em branco" time="0.002">
    <skipped/>
  </testcase>
  <testcase classname="Travado" name="inserir senha em branco" time="0.002">
    <skipped/>
  </testcase>
  <testcase classname="Travado" name="inserir senha em branco" time="0.002">
    <skipped/>
  </testcase>
  <testcase classname="Travado" name="inserir senha em branco" time="0.002">
    <skipped/>
  </testcase>
  <testcase classname="Travado" name="inserir senha em branco" time="0.002">
    <skipped/>
  </testcase>
  <testcase classname="Travado" name="inserir senha com mais de 6 digitos" time="0.005">
    <skipped/>
  </testcase>
  <testcase classname="Travado" name="inserir senha com mais de 6 digitos" time="0.005">
    <skipped/>
  </testcase>
  <testcase classname="Travado" name="inserir senha com mais de 6 digitos" time="0.005">
    <skipped/>
  </testcase>
  <testcase classname="Travado" name="inserir senha com mais de 6 digitos" time="0.005">
    <skipped/>
  </testcase>
  <testcase classname="Travado" name="inserir senha com mais de 6 digitos" time="0.005">
    <skipped/>
  </testcase>
  <testcase classname="Travado" name="inserir senha com mais de 6 digitos" time="0.005">
    <skipped/>
  </testcase>
  <testcase classname="Travado" name="inserir senha com mais de 6 digitos" time="0.005">
    <skipped/>
  </testcase>
  <testcase classname="Travado" name="inserir senha com mais de 6 digitos" time="0.005">
    <skipped/>
  </testcase>
  <testcase classname="Travado" name="inserir senha com mais de 6 digitos" time="0.005">
    <skipped/>
  </testcase>
  <testcase classname="Travado" name="inserir senha com mais de 6 digitos" time="0.005">
    <skipped/>
  </testcase>
  <testcase classname="Travado" name="inserir senha com mais de 6 digitos" time="0.005">
    <skipped/>
  </testcase>
  <testcase classname="Travado" name="inserir senha com mais de 6 digitos" time="0.005">
    <skipped/>
  </testcase>
  <testcase classname="Valida\u00E7\u00E3o dos numeros" name="Digitar \&quot;123\&quot;" time="0.002">
    <skipped/>
  </testcase>
  <testcase classname="Valida\u00E7\u00E3o dos numeros" name="Digitar \&quot;123\&quot;" time="0.002">
    <skipped/>
  </testcase>
  <testcase classname="Valida\u00E7\u00E3o dos numeros" name="Digitar \&quot;123\&quot;" time="0.002">
    <skipped/>
  </testcase>
  <testcase classname="Valida\u00E7\u00E3o dos numeros" name="Digitar \&quot;1234444\&quot;" time="0.001">
    <skipped/>
  </testcase>
  <testcase classname="Valida\u00E7\u00E3o dos numeros" name="Digitar \&quot;1234444\&quot;" time="0.002">
    <skipped/>
  </testcase>
  <testcase classname="Valida\u00E7\u00E3o dos numeros" name="Digitar \&quot;1234444\&quot;" time="0.002">
    <skipped/>
  </testcase>
  <testcase classname="Valida\u00E7\u00E3o dos numeros" name="Digitar \&quot;\&quot;" time="0.002">
    <skipped/>
  </testcase>
  <testcase classname="Valida\u00E7\u00E3o dos numeros" name="Digitar \&quot;\&quot;" time="0.002">
    <skipped/>
  </testcase>
  <testcase classname="Valida\u00E7\u00E3o dos numeros" name="Digitar \&quot;\&quot;" time="0.002">
    <skipped/>
  </testcase>
  <testcase classname="Valida\u00E7\u00E3o dos numeros" name="Digitar \&quot;123aaaa\&quot;" time="0.002">
    <skipped/>
  </testcase>
  <testcase classname="Valida\u00E7\u00E3o dos numeros" name="Digitar \&quot;123aaaa\&quot;" time="0.002">
    <skipped/>
  </testcase>
  <testcase classname="Valida\u00E7\u00E3o dos numeros" name="Digitar \&quot;123aaaa\&quot;" time="0.002">
    <skipped/>
  </testcase>
  <testcase classname="Valida\u00E7\u00E3o dos numeros" name="Digitar \&quot;123\&quot;" time="0.002">
    <skipped/>
  </testcase>
  <testcase classname="Valida\u00E7\u00E3o dos numeros" name="Digitar \&quot;123\&quot;" time="0.002">
    <skipped/>
  </testcase>
  <testcase classname="Valida\u00E7\u00E3o dos numeros" name="Digitar \&quot;123\&quot;" time="0.002">
    <skipped/>
  </testcase>
  <testcase classname="Valida\u00E7\u00E3o dos numeros" name="Digitar \&quot;1\&quot;" time="0.002">
    <skipped/>
  </testcase>
  <testcase classname="Valida\u00E7\u00E3o dos numeros" name="Digitar \&quot;1\&quot;" time="0.002">
    <skipped/>
  </testcase>
  <testcase classname="Valida\u00E7\u00E3o dos numeros" name="Digitar \&quot;1\&quot;" time="0.002">
    <skipped/>
  </testcase>
  <testcase classname="Valida\u00E7\u00E3o dos numeros" name="Digitar \&quot;12345\&quot;" time="0.001">
    <skipped/>
  </testcase>
  <testcase classname="Valida\u00E7\u00E3o dos numeros" name="Digitar \&quot;12345\&quot;" time="0.001">
    <skipped/>
  </testcase>
  <testcase classname="Valida\u00E7\u00E3o dos numeros" name="Digitar \&quot;12345\&quot;" time="0.001">
    <skipped/>
  </testcase>
  <testcase classname="Valida\u00E7\u00E3o dos numeros" name="Digitar \&quot;12345a\&quot;" time="0.002">
    <skipped/>
  </testcase>
  <testcase classname="Valida\u00E7\u00E3o dos numeros" name="Digitar \&quot;12345a\&quot;" time="0.002">
    <skipped/>
  </testcase>
  <testcase classname="Valida\u00E7\u00E3o dos numeros" name="Digitar \&quot;12345a\&quot;" time="0.002">
    <skipped/>
  </testcase>
  <testcase classname="Valida\u00E7\u00E3o dos numeros" name="Digitar \&quot;123999\&quot;" time="0.007">
    <skipped/>
  </testcase>
  <testcase classname="Valida\u00E7\u00E3o dos numeros" name="Digitar \&quot;123999\&quot;" time="0.007">
    <skipped/>
  </testcase>
  <testcase classname="Valida\u00E7\u00E3o dos numeros" name="Digitar \&quot;123999\&quot;" time="0.007">
    <skipped/>
  </testcase>
</testsuite>